<?xml version="1.0" encoding="UTF-8"?>
<testsuite xmlns:xsi="http://www.w3.org/2001/XMLSchema-instance" xsi:noNamespaceSchemaLocation="https://maven.apache.org/surefire/maven-surefire-plugin/xsd/surefire-test-report-3.0.xsd" version="3.0" name="com.khalil.sma.SMATests" time="13.022" tests="7" errors="0" skipped="0" failures="0">
  <properties>
    <property name="java.specification.version" value="17"/>
    <property name="sun.cpu.isalist" value="amd64"/>
    <property name="sun.jnu.encoding" value="Cp1252"/>
    <property name="java.class.path" value="C:\Users\venom-16\Desktop\SpringBootCloud\AngularGMS_SpringbootMainService-main\target\test-classes;C:\Users\venom-16\Desktop\SpringBootCloud\AngularGMS_SpringbootMainService-main\target\classes;C:\Users\venom-16\.m2\repository\org\springframework\boot\spring-boot-starter-data-jpa\3.1.0-SNAPSHOT\spring-boot-starter-data-jpa-3.1.0-SNAPSHOT.jar;C:\Users\venom-16\.m2\repository\org\springframework\boot\spring-boot-starter-aop\3.1.0-SNAPSHOT\spring-boot-starter-aop-3.1.0-SNAPSHOT.jar;C:\Users\venom-16\.m2\repository\org\aspectj\aspectjweaver\1.9.19\aspectjweaver-1.9.19.jar;C:\Users\venom-16\.m2\repository\org\springframework\boot\spring-boot-starter-jdbc\3.1.0-SNAPSHOT\spring-boot-starter-jdbc-3.1.0-SNAPSHOT.jar;C:\Users\venom-16\.m2\repository\com\zaxxer\HikariCP\5.0.1\HikariCP-5.0.1.jar;C:\Users\venom-16\.m2\repository\org\springframework\spring-jdbc\6.0.9\spring-jdbc-6.0.9.jar;C:\Users\venom-16\.m2\repository\org\hibernate\orm\hibernate-core\6.2.2.Final\hibernate-core-6.2.2.Final.jar;C:\Users\venom-16\.m2\repository\jakarta\persistence\jakarta.persistence-api\3.1.0\jakarta.persistence-api-3.1.0.jar;C:\Users\venom-16\.m2\repository\jakarta\transaction\jakarta.transaction-api\2.0.1\jakarta.transaction-api-2.0.1.jar;C:\Users\venom-16\.m2\repository\org\jboss\logging\jboss-logging\3.5.0.Final\jboss-logging-3.5.0.Final.jar;C:\Users\venom-16\.m2\repository\org\hibernate\common\hibernate-commons-annotations\6.0.6.Final\hibernate-commons-annotations-6.0.6.Final.jar;C:\Users\venom-16\.m2\repository\io\smallrye\jandex\3.0.5\jandex-3.0.5.jar;C:\Users\venom-16\.m2\repository\com\fasterxml\classmate\1.5.1\classmate-1.5.1.jar;C:\Users\venom-16\.m2\repository\net\bytebuddy\byte-buddy\1.14.4\byte-buddy-1.14.4.jar;C:\Users\venom-16\.m2\repository\org\glassfish\jaxb\jaxb-runtime\4.0.2\jaxb-runtime-4.0.2.jar;C:\Users\venom-16\.m2\repository\org\glassfish\jaxb\jaxb-core\4.0.2\jaxb-core-4.0.2.jar;C:\Users\venom-16\.m2\repository\org\glassfish\jaxb\txw2\4.0.2\txw2-4.0.2.jar;C:\Users\venom-16\.m2\repository\com\sun\istack\istack-commons-runtime\4.1.1\istack-commons-runtime-4.1.1.jar;C:\Users\venom-16\.m2\repository\jakarta\inject\jakarta.inject-api\2.0.1\jakarta.inject-api-2.0.1.jar;C:\Users\venom-16\.m2\repository\org\antlr\antlr4-runtime\4.10.1\antlr4-runtime-4.10.1.jar;C:\Users\venom-16\.m2\repository\org\springframework\data\spring-data-jpa\3.1.0\spring-data-jpa-3.1.0.jar;C:\Users\venom-16\.m2\repository\org\springframework\data\spring-data-commons\3.1.0\spring-data-commons-3.1.0.jar;C:\Users\venom-16\.m2\repository\org\springframework\spring-orm\6.0.9\spring-orm-6.0.9.jar;C:\Users\venom-16\.m2\repository\org\springframework\spring-context\6.0.9\spring-context-6.0.9.jar;C:\Users\venom-16\.m2\repository\org\springframework\spring-tx\6.0.9\spring-tx-6.0.9.jar;C:\Users\venom-16\.m2\repository\org\springframework\spring-beans\6.0.9\spring-beans-6.0.9.jar;C:\Users\venom-16\.m2\repository\jakarta\annotation\jakarta.annotation-api\2.1.1\jakarta.annotation-api-2.1.1.jar;C:\Users\venom-16\.m2\repository\org\springframework\spring-aspects\6.0.9\spring-aspects-6.0.9.jar;C:\Users\venom-16\.m2\repository\org\springframework\boot\spring-boot-starter-security\3.1.0-SNAPSHOT\spring-boot-starter-security-3.1.0-SNAPSHOT.jar;C:\Users\venom-16\.m2\repository\org\springframework\boot\spring-boot-starter\3.1.0-SNAPSHOT\spring-boot-starter-3.1.0-SNAPSHOT.jar;C:\Users\venom-16\.m2\repository\org\springframework\boot\spring-boot-starter-logging\3.1.0-SNAPSHOT\spring-boot-starter-logging-3.1.0-SNAPSHOT.jar;C:\Users\venom-16\.m2\repository\ch\qos\logback\logback-classic\1.4.7\logback-classic-1.4.7.jar;C:\Users\venom-16\.m2\repository\ch\qos\logback\logback-core\1.4.7\logback-core-1.4.7.jar;C:\Users\venom-16\.m2\repository\org\apache\logging\log4j\log4j-to-slf4j\2.20.0\log4j-to-slf4j-2.20.0.jar;C:\Users\venom-16\.m2\repository\org\apache\logging\log4j\log4j-api\2.20.0\log4j-api-2.20.0.jar;C:\Users\venom-16\.m2\repository\org\slf4j\jul-to-slf4j\2.0.7\jul-to-slf4j-2.0.7.jar;C:\Users\venom-16\.m2\repository\org\yaml\snakeyaml\1.33\snakeyaml-1.33.jar;C:\Users\venom-16\.m2\repository\org\springframework\spring-aop\6.0.9\spring-aop-6.0.9.jar;C:\Users\venom-16\.m2\repository\org\springframework\security\spring-security-config\6.1.0\spring-security-config-6.1.0.jar;C:\Users\venom-16\.m2\repository\org\springframework\security\spring-security-core\6.1.0\spring-security-core-6.1.0.jar;C:\Users\venom-16\.m2\repository\org\springframework\security\spring-security-crypto\6.1.0\spring-security-crypto-6.1.0.jar;C:\Users\venom-16\.m2\repository\org\springframework\security\spring-security-web\6.1.0\spring-security-web-6.1.0.jar;C:\Users\venom-16\.m2\repository\org\springframework\spring-expression\6.0.9\spring-expression-6.0.9.jar;C:\Users\venom-16\.m2\repository\org\thymeleaf\extras\thymeleaf-extras-springsecurity6\3.1.1.RELEASE\thymeleaf-extras-springsecurity6-3.1.1.RELEASE.jar;C:\Users\venom-16\.m2\repository\org\thymeleaf\thymeleaf-spring6\3.1.1.RELEASE\thymeleaf-spring6-3.1.1.RELEASE.jar;C:\Users\venom-16\.m2\repository\org\slf4j\slf4j-api\2.0.7\slf4j-api-2.0.7.jar;C:\Users\venom-16\.m2\repository\org\springframework\boot\spring-boot-starter-web\3.1.0-SNAPSHOT\spring-boot-starter-web-3.1.0-SNAPSHOT.jar;C:\Users\venom-16\.m2\repository\org\springframework\boot\spring-boot-starter-json\3.1.0-SNAPSHOT\spring-boot-starter-json-3.1.0-SNAPSHOT.jar;C:\Users\venom-16\.m2\repository\com\fasterxml\jackson\datatype\jackson-datatype-jdk8\2.15.0\jackson-datatype-jdk8-2.15.0.jar;C:\Users\venom-16\.m2\repository\com\fasterxml\jackson\datatype\jackson-datatype-jsr310\2.15.0\jackson-datatype-jsr310-2.15.0.jar;C:\Users\venom-16\.m2\repository\com\fasterxml\jackson\module\jackson-module-parameter-names\2.15.0\jackson-module-parameter-names-2.15.0.jar;C:\Users\venom-16\.m2\repository\org\springframework\boot\spring-boot-starter-tomcat\3.1.0-SNAPSHOT\spring-boot-starter-tomcat-3.1.0-SNAPSHOT.jar;C:\Users\venom-16\.m2\repository\org\apache\tomcat\embed\tomcat-embed-websocket\10.1.8\tomcat-embed-websocket-10.1.8.jar;C:\Users\venom-16\.m2\repository\org\springframework\spring-web\6.0.9\spring-web-6.0.9.jar;C:\Users\venom-16\.m2\repository\org\springframework\spring-webmvc\6.0.9\spring-webmvc-6.0.9.jar;C:\Users\venom-16\.m2\repository\org\springframework\boot\spring-boot-starter-web-services\3.1.0-SNAPSHOT\spring-boot-starter-web-services-3.1.0-SNAPSHOT.jar;C:\Users\venom-16\.m2\repository\com\sun\xml\messaging\saaj\saaj-impl\3.0.2\saaj-impl-3.0.2.jar;C:\Users\venom-16\.m2\repository\jakarta\xml\soap\jakarta.xml.soap-api\3.0.0\jakarta.xml.soap-api-3.0.0.jar;C:\Users\venom-16\.m2\repository\org\jvnet\staxex\stax-ex\2.1.0\stax-ex-2.1.0.jar;C:\Users\venom-16\.m2\repository\jakarta\activation\jakarta.activation-api\2.1.2\jakarta.activation-api-2.1.2.jar;C:\Users\venom-16\.m2\repository\org\eclipse\angus\angus-activation\2.0.0\angus-activation-2.0.0.jar;C:\Users\venom-16\.m2\repository\jakarta\xml\ws\jakarta.xml.ws-api\4.0.0\jakarta.xml.ws-api-4.0.0.jar;C:\Users\venom-16\.m2\repository\org\springframework\spring-oxm\6.0.9\spring-oxm-6.0.9.jar;C:\Users\venom-16\.m2\repository\org\springframework\ws\spring-ws-core\4.0.4\spring-ws-core-4.0.4.jar;C:\Users\venom-16\.m2\repository\org\springframework\ws\spring-xml\4.0.4\spring-xml-4.0.4.jar;C:\Users\venom-16\.m2\repository\com\auth0\java-jwt\3.4.1\java-jwt-3.4.1.jar;C:\Users\venom-16\.m2\repository\com\fasterxml\jackson\core\jackson-databind\2.15.0\jackson-databind-2.15.0.jar;C:\Users\venom-16\.m2\repository\com\fasterxml\jackson\core\jackson-annotations\2.15.0\jackson-annotations-2.15.0.jar;C:\Users\venom-16\.m2\repository\com\fasterxml\jackson\core\jackson-core\2.15.0\jackson-core-2.15.0.jar;C:\Users\venom-16\.m2\repository\commons-codec\commons-codec\1.15\commons-codec-1.15.jar;C:\Users\venom-16\.m2\repository\org\springframework\boot\spring-boot-devtools\3.1.0-SNAPSHOT\spring-boot-devtools-3.1.0-SNAPSHOT.jar;C:\Users\venom-16\.m2\repository\org\springframework\boot\spring-boot\3.1.0-SNAPSHOT\spring-boot-3.1.0-SNAPSHOT.jar;C:\Users\venom-16\.m2\repository\org\springframework\boot\spring-boot-autoconfigure\3.1.0-SNAPSHOT\spring-boot-autoconfigure-3.1.0-SNAPSHOT.jar;C:\Users\venom-16\.m2\repository\com\mysql\mysql-connector-j\8.0.33\mysql-connector-j-8.0.33.jar;C:\Users\venom-16\.m2\repository\org\springframework\boot\spring-boot-starter-test\3.1.0-SNAPSHOT\spring-boot-starter-test-3.1.0-SNAPSHOT.jar;C:\Users\venom-16\.m2\repository\org\springframework\boot\spring-boot-test\3.1.0-SNAPSHOT\spring-boot-test-3.1.0-SNAPSHOT.jar;C:\Users\venom-16\.m2\repository\org\springframework\boot\spring-boot-test-autoconfigure\3.1.0-SNAPSHOT\spring-boot-test-autoconfigure-3.1.0-SNAPSHOT.jar;C:\Users\venom-16\.m2\repository\com\jayway\jsonpath\json-path\2.8.0\json-path-2.8.0.jar;C:\Users\venom-16\.m2\repository\jakarta\xml\bind\jakarta.xml.bind-api\4.0.0\jakarta.xml.bind-api-4.0.0.jar;C:\Users\venom-16\.m2\repository\net\minidev\json-smart\2.4.10\json-smart-2.4.10.jar;C:\Users\venom-16\.m2\repository\net\minidev\accessors-smart\2.4.9\accessors-smart-2.4.9.jar;C:\Users\venom-16\.m2\repository\org\ow2\asm\asm\9.3\asm-9.3.jar;C:\Users\venom-16\.m2\repository\org\assertj\assertj-core\3.24.2\assertj-core-3.24.2.jar;C:\Users\venom-16\.m2\repository\org\hamcrest\hamcrest\2.2\hamcrest-2.2.jar;C:\Users\venom-16\.m2\repository\org\junit\jupiter\junit-jupiter\5.9.3\junit-jupiter-5.9.3.jar;C:\Users\venom-16\.m2\repository\org\junit\jupiter\junit-jupiter-api\5.9.3\junit-jupiter-api-5.9.3.jar;C:\Users\venom-16\.m2\repository\org\opentest4j\opentest4j\1.2.0\opentest4j-1.2.0.jar;C:\Users\venom-16\.m2\repository\org\junit\platform\junit-platform-commons\1.9.3\junit-platform-commons-1.9.3.jar;C:\Users\venom-16\.m2\repository\org\apiguardian\apiguardian-api\1.1.2\apiguardian-api-1.1.2.jar;C:\Users\venom-16\.m2\repository\org\junit\jupiter\junit-jupiter-params\5.9.3\junit-jupiter-params-5.9.3.jar;C:\Users\venom-16\.m2\repository\org\junit\jupiter\junit-jupiter-engine\5.9.3\junit-jupiter-engine-5.9.3.jar;C:\Users\venom-16\.m2\repository\org\junit\platform\junit-platform-engine\1.9.3\junit-platform-engine-1.9.3.jar;C:\Users\venom-16\.m2\repository\org\mockito\mockito-core\5.3.1\mockito-core-5.3.1.jar;C:\Users\venom-16\.m2\repository\net\bytebuddy\byte-buddy-agent\1.14.4\byte-buddy-agent-1.14.4.jar;C:\Users\venom-16\.m2\repository\org\objenesis\objenesis\3.3\objenesis-3.3.jar;C:\Users\venom-16\.m2\repository\org\mockito\mockito-junit-jupiter\5.3.1\mockito-junit-jupiter-5.3.1.jar;C:\Users\venom-16\.m2\repository\org\skyscreamer\jsonassert\1.5.1\jsonassert-1.5.1.jar;C:\Users\venom-16\.m2\repository\com\vaadin\external\google\android-json\0.0.20131108.vaadin1\android-json-0.0.20131108.vaadin1.jar;C:\Users\venom-16\.m2\repository\org\springframework\spring-core\6.0.9\spring-core-6.0.9.jar;C:\Users\venom-16\.m2\repository\org\springframework\spring-jcl\6.0.9\spring-jcl-6.0.9.jar;C:\Users\venom-16\.m2\repository\org\springframework\spring-test\6.0.9\spring-test-6.0.9.jar;C:\Users\venom-16\.m2\repository\org\xmlunit\xmlunit-core\2.9.1\xmlunit-core-2.9.1.jar;C:\Users\venom-16\.m2\repository\org\apache\tomcat\embed\tomcat-embed-jasper\10.1.8\tomcat-embed-jasper-10.1.8.jar;C:\Users\venom-16\.m2\repository\org\apache\tomcat\embed\tomcat-embed-core\10.1.8\tomcat-embed-core-10.1.8.jar;C:\Users\venom-16\.m2\repository\org\apache\tomcat\tomcat-annotations-api\10.1.8\tomcat-annotations-api-10.1.8.jar;C:\Users\venom-16\.m2\repository\org\apache\tomcat\embed\tomcat-embed-el\10.1.8\tomcat-embed-el-10.1.8.jar;C:\Users\venom-16\.m2\repository\org\eclipse\jdt\ecj\3.33.0\ecj-3.33.0.jar;C:\Users\venom-16\.m2\repository\org\glassfish\web\jakarta.servlet.jsp.jstl\3.0.1\jakarta.servlet.jsp.jstl-3.0.1.jar;C:\Users\venom-16\.m2\repository\jakarta\servlet\jsp\jstl\jakarta.servlet.jsp.jstl-api\3.0.0\jakarta.servlet.jsp.jstl-api-3.0.0.jar;C:\Users\venom-16\.m2\repository\jakarta\servlet\jakarta.servlet-api\6.0.0\jakarta.servlet-api-6.0.0.jar;C:\Users\venom-16\.m2\repository\jakarta\el\jakarta.el-api\5.0.0\jakarta.el-api-5.0.0.jar;C:\Users\venom-16\.m2\repository\org\eclipse\jetty\glassfish-jstl\11.0.12\glassfish-jstl-11.0.12.jar;C:\Users\venom-16\.m2\repository\org\webjars\bootstrap\4.3.1\bootstrap-4.3.1.jar;C:\Users\venom-16\.m2\repository\org\webjars\popper.js\1.14.3\popper.js-1.14.3.jar;C:\Users\venom-16\.m2\repository\org\springframework\boot\spring-boot-starter-thymeleaf\3.1.0-SNAPSHOT\spring-boot-starter-thymeleaf-3.1.0-SNAPSHOT.jar;C:\Users\venom-16\.m2\repository\org\springframework\boot\spring-boot-starter-validation\3.1.0-SNAPSHOT\spring-boot-starter-validation-3.1.0-SNAPSHOT.jar;C:\Users\venom-16\.m2\repository\org\hibernate\validator\hibernate-validator\8.0.0.Final\hibernate-validator-8.0.0.Final.jar;C:\Users\venom-16\.m2\repository\jakarta\validation\jakarta.validation-api\3.0.2\jakarta.validation-api-3.0.2.jar;C:\Users\venom-16\.m2\repository\nz\net\ultraq\thymeleaf\thymeleaf-layout-dialect\3.2.1\thymeleaf-layout-dialect-3.2.1.jar;C:\Users\venom-16\.m2\repository\org\apache\groovy\groovy\4.0.12\groovy-4.0.12.jar;C:\Users\venom-16\.m2\repository\nz\net\ultraq\groovy\groovy-extensions\2.1.0\groovy-extensions-2.1.0.jar;C:\Users\venom-16\.m2\repository\nz\net\ultraq\thymeleaf\thymeleaf-expression-processor\3.1.1\thymeleaf-expression-processor-3.1.1.jar;C:\Users\venom-16\.m2\repository\org\thymeleaf\thymeleaf\3.1.1.RELEASE\thymeleaf-3.1.1.RELEASE.jar;C:\Users\venom-16\.m2\repository\ognl\ognl\3.3.4\ognl-3.3.4.jar;C:\Users\venom-16\.m2\repository\org\javassist\javassist\3.29.0-GA\javassist-3.29.0-GA.jar;C:\Users\venom-16\.m2\repository\org\attoparser\attoparser\2.0.6.RELEASE\attoparser-2.0.6.RELEASE.jar;C:\Users\venom-16\.m2\repository\org\unbescape\unbescape\1.1.6.RELEASE\unbescape-1.1.6.RELEASE.jar;C:\Users\venom-16\.m2\repository\org\webjars\jquery\3.5.1\jquery-3.5.1.jar;C:\Users\venom-16\.m2\repository\org\springframework\boot\spring-boot-starter-data-rest\3.1.0-SNAPSHOT\spring-boot-starter-data-rest-3.1.0-SNAPSHOT.jar;C:\Users\venom-16\.m2\repository\org\springframework\data\spring-data-rest-webmvc\4.1.0\spring-data-rest-webmvc-4.1.0.jar;C:\Users\venom-16\.m2\repository\org\springframework\data\spring-data-rest-core\4.1.0\spring-data-rest-core-4.1.0.jar;C:\Users\venom-16\.m2\repository\org\springframework\hateoas\spring-hateoas\2.1.0\spring-hateoas-2.1.0.jar;C:\Users\venom-16\.m2\repository\org\springframework\plugin\spring-plugin-core\3.0.0\spring-plugin-core-3.0.0.jar;C:\Users\venom-16\.m2\repository\org\atteo\evo-inflector\1.3\evo-inflector-1.3.jar;C:\Users\venom-16\.m2\repository\org\projectlombok\lombok\1.18.26\lombok-1.18.26.jar;C:\Users\venom-16\.m2\repository\org\springframework\cloud\spring-cloud-starter-netflix-eureka-client\4.0.2\spring-cloud-starter-netflix-eureka-client-4.0.2.jar;C:\Users\venom-16\.m2\repository\org\springframework\cloud\spring-cloud-starter\4.0.3\spring-cloud-starter-4.0.3.jar;C:\Users\venom-16\.m2\repository\org\springframework\cloud\spring-cloud-context\4.0.3\spring-cloud-context-4.0.3.jar;C:\Users\venom-16\.m2\repository\org\springframework\cloud\spring-cloud-commons\4.0.3\spring-cloud-commons-4.0.3.jar;C:\Users\venom-16\.m2\repository\org\springframework\security\spring-security-rsa\1.0.11.RELEASE\spring-security-rsa-1.0.11.RELEASE.jar;C:\Users\venom-16\.m2\repository\org\bouncycastle\bcpkix-jdk15on\1.69\bcpkix-jdk15on-1.69.jar;C:\Users\venom-16\.m2\repository\org\bouncycastle\bcprov-jdk15on\1.69\bcprov-jdk15on-1.69.jar;C:\Users\venom-16\.m2\repository\org\bouncycastle\bcutil-jdk15on\1.69\bcutil-jdk15on-1.69.jar;C:\Users\venom-16\.m2\repository\org\springframework\cloud\spring-cloud-netflix-eureka-client\4.0.2\spring-cloud-netflix-eureka-client-4.0.2.jar;C:\Users\venom-16\.m2\repository\org\apache\httpcomponents\client5\httpclient5\5.2.1\httpclient5-5.2.1.jar;C:\Users\venom-16\.m2\repository\org\apache\httpcomponents\core5\httpcore5\5.2.1\httpcore5-5.2.1.jar;C:\Users\venom-16\.m2\repository\org\apache\httpcomponents\core5\httpcore5-h2\5.2.1\httpcore5-h2-5.2.1.jar;C:\Users\venom-16\.m2\repository\com\netflix\eureka\eureka-client\2.0.0\eureka-client-2.0.0.jar;C:\Users\venom-16\.m2\repository\com\netflix\netflix-commons\netflix-eventbus\0.3.0\netflix-eventbus-0.3.0.jar;C:\Users\venom-16\.m2\repository\com\netflix\netflix-commons\netflix-infix\0.3.0\netflix-infix-0.3.0.jar;C:\Users\venom-16\.m2\repository\commons-jxpath\commons-jxpath\1.3\commons-jxpath-1.3.jar;C:\Users\venom-16\.m2\repository\joda-time\joda-time\2.3\joda-time-2.3.jar;C:\Users\venom-16\.m2\repository\javax\servlet\servlet-api\2.5\servlet-api-2.5.jar;C:\Users\venom-16\.m2\repository\org\antlr\antlr-runtime\3.4\antlr-runtime-3.4.jar;C:\Users\venom-16\.m2\repository\org\antlr\stringtemplate\3.2.1\stringtemplate-3.2.1.jar;C:\Users\venom-16\.m2\repository\antlr\antlr\2.7.7\antlr-2.7.7.jar;C:\Users\venom-16\.m2\repository\com\google\code\gson\gson\2.10.1\gson-2.10.1.jar;C:\Users\venom-16\.m2\repository\org\apache\commons\commons-math\2.2\commons-math-2.2.jar;C:\Users\venom-16\.m2\repository\com\thoughtworks\xstream\xstream\1.4.19\xstream-1.4.19.jar;C:\Users\venom-16\.m2\repository\io\github\x-stream\mxparser\1.2.2\mxparser-1.2.2.jar;C:\Users\venom-16\.m2\repository\xmlpull\xmlpull\1.1.3.1\xmlpull-1.1.3.1.jar;C:\Users\venom-16\.m2\repository\com\netflix\archaius\archaius-core\0.7.6\archaius-core-0.7.6.jar;C:\Users\venom-16\.m2\repository\com\google\guava\guava\16.0\guava-16.0.jar;C:\Users\venom-16\.m2\repository\jakarta\ws\rs\jakarta.ws.rs-api\3.1.0\jakarta.ws.rs-api-3.1.0.jar;C:\Users\venom-16\.m2\repository\com\netflix\servo\servo-core\0.12.21\servo-core-0.12.21.jar;C:\Users\venom-16\.m2\repository\org\apache\httpcomponents\httpclient\4.5.3\httpclient-4.5.3.jar;C:\Users\venom-16\.m2\repository\org\apache\httpcomponents\httpcore\4.4.16\httpcore-4.4.16.jar;C:\Users\venom-16\.m2\repository\commons-logging\commons-logging\1.2\commons-logging-1.2.jar;C:\Users\venom-16\.m2\repository\com\google\code\findbugs\jsr305\3.0.2\jsr305-3.0.2.jar;C:\Users\venom-16\.m2\repository\commons-configuration\commons-configuration\1.10\commons-configuration-1.10.jar;C:\Users\venom-16\.m2\repository\commons-lang\commons-lang\2.6\commons-lang-2.6.jar;C:\Users\venom-16\.m2\repository\com\github\vlsi\compactmap\compactmap\2.0\compactmap-2.0.jar;C:\Users\venom-16\.m2\repository\com\github\andrewoma\dexx\dexx-collections\0.2\dexx-collections-0.2.jar;C:\Users\venom-16\.m2\repository\org\codehaus\jettison\jettison\1.4.0\jettison-1.4.0.jar;C:\Users\venom-16\.m2\repository\com\netflix\eureka\eureka-core\2.0.0\eureka-core-2.0.0.jar;C:\Users\venom-16\.m2\repository\com\fasterxml\woodstox\woodstox-core\6.2.1\woodstox-core-6.2.1.jar;C:\Users\venom-16\.m2\repository\org\codehaus\woodstox\stax2-api\4.2.1\stax2-api-4.2.1.jar;C:\Users\venom-16\.m2\repository\org\springframework\cloud\spring-cloud-starter-loadbalancer\4.0.3\spring-cloud-starter-loadbalancer-4.0.3.jar;C:\Users\venom-16\.m2\repository\org\springframework\cloud\spring-cloud-loadbalancer\4.0.3\spring-cloud-loadbalancer-4.0.3.jar;C:\Users\venom-16\.m2\repository\io\projectreactor\reactor-core\3.5.6\reactor-core-3.5.6.jar;C:\Users\venom-16\.m2\repository\org\reactivestreams\reactive-streams\1.0.4\reactive-streams-1.0.4.jar;C:\Users\venom-16\.m2\repository\io\projectreactor\addons\reactor-extra\3.5.1\reactor-extra-3.5.1.jar;C:\Users\venom-16\.m2\repository\org\springframework\boot\spring-boot-starter-cache\3.1.0-SNAPSHOT\spring-boot-starter-cache-3.1.0-SNAPSHOT.jar;C:\Users\venom-16\.m2\repository\org\springframework\spring-context-support\6.0.9\spring-context-support-6.0.9.jar;C:\Users\venom-16\.m2\repository\com\stoyanr\evictor\1.0.0\evictor-1.0.0.jar;C:\Users\venom-16\.m2\repository\org\springframework\boot\spring-boot-starter-actuator\3.1.2\spring-boot-starter-actuator-3.1.2.jar;C:\Users\venom-16\.m2\repository\org\springframework\boot\spring-boot-actuator-autoconfigure\3.1.0-SNAPSHOT\spring-boot-actuator-autoconfigure-3.1.0-SNAPSHOT.jar;C:\Users\venom-16\.m2\repository\org\springframework\boot\spring-boot-actuator\3.1.0-SNAPSHOT\spring-boot-actuator-3.1.0-SNAPSHOT.jar;C:\Users\venom-16\.m2\repository\io\micrometer\micrometer-observation\1.11.0\micrometer-observation-1.11.0.jar;C:\Users\venom-16\.m2\repository\io\micrometer\micrometer-commons\1.11.0\micrometer-commons-1.11.0.jar;C:\Users\venom-16\.m2\repository\io\micrometer\micrometer-core\1.11.0\micrometer-core-1.11.0.jar;C:\Users\venom-16\.m2\repository\org\hdrhistogram\HdrHistogram\2.1.12\HdrHistogram-2.1.12.jar;C:\Users\venom-16\.m2\repository\org\latencyutils\LatencyUtils\2.0.3\LatencyUtils-2.0.3.jar;"/>
    <property name="java.vm.vendor" value="Amazon.com Inc."/>
    <property name="sun.arch.data.model" value="64"/>
    <property name="user.variant" value=""/>
    <property name="java.vendor.url" value="https://aws.amazon.com/corretto/"/>
    <property name="user.timezone" value="Africa/Lagos"/>
    <property name="org.jboss.logging.provider" value="slf4j"/>
    <property name="os.name" value="Windows 10"/>
    <property name="java.vm.specification.version" value="17"/>
    <property name="sun.java.launcher" value="SUN_STANDARD"/>
    <property name="user.country" value="US"/>
    <property name="sun.boot.library.path" value="C:\Users\venom-16\.jdks\corretto-17.0.6\bin"/>
    <property name="sun.java.command" value="C:\Users\venom-16\AppData\Local\Temp\surefire12004795936236162937\surefirebooter-20231129231144069_3.jar C:\Users\venom-16\AppData\Local\Temp\surefire12004795936236162937 2023-11-29T23-11-43_949-jvmRun1 surefire-20231129231144069_1tmp surefire_0-20231129231144069_2tmp"/>
    <property name="jdk.debug" value="release"/>
    <property name="surefire.test.class.path" value="C:\Users\venom-16\Desktop\SpringBootCloud\AngularGMS_SpringbootMainService-main\target\test-classes;C:\Users\venom-16\Desktop\SpringBootCloud\AngularGMS_SpringbootMainService-main\target\classes;C:\Users\venom-16\.m2\repository\org\springframework\boot\spring-boot-starter-data-jpa\3.1.0-SNAPSHOT\spring-boot-starter-data-jpa-3.1.0-SNAPSHOT.jar;C:\Users\venom-16\.m2\repository\org\springframework\boot\spring-boot-starter-aop\3.1.0-SNAPSHOT\spring-boot-starter-aop-3.1.0-SNAPSHOT.jar;C:\Users\venom-16\.m2\repository\org\aspectj\aspectjweaver\1.9.19\aspectjweaver-1.9.19.jar;C:\Users\venom-16\.m2\repository\org\springframework\boot\spring-boot-starter-jdbc\3.1.0-SNAPSHOT\spring-boot-starter-jdbc-3.1.0-SNAPSHOT.jar;C:\Users\venom-16\.m2\repository\com\zaxxer\HikariCP\5.0.1\HikariCP-5.0.1.jar;C:\Users\venom-16\.m2\repository\org\springframework\spring-jdbc\6.0.9\spring-jdbc-6.0.9.jar;C:\Users\venom-16\.m2\repository\org\hibernate\orm\hibernate-core\6.2.2.Final\hibernate-core-6.2.2.Final.jar;C:\Users\venom-16\.m2\repository\jakarta\persistence\jakarta.persistence-api\3.1.0\jakarta.persistence-api-3.1.0.jar;C:\Users\venom-16\.m2\repository\jakarta\transaction\jakarta.transaction-api\2.0.1\jakarta.transaction-api-2.0.1.jar;C:\Users\venom-16\.m2\repository\org\jboss\logging\jboss-logging\3.5.0.Final\jboss-logging-3.5.0.Final.jar;C:\Users\venom-16\.m2\repository\org\hibernate\common\hibernate-commons-annotations\6.0.6.Final\hibernate-commons-annotations-6.0.6.Final.jar;C:\Users\venom-16\.m2\repository\io\smallrye\jandex\3.0.5\jandex-3.0.5.jar;C:\Users\venom-16\.m2\repository\com\fasterxml\classmate\1.5.1\classmate-1.5.1.jar;C:\Users\venom-16\.m2\repository\net\bytebuddy\byte-buddy\1.14.4\byte-buddy-1.14.4.jar;C:\Users\venom-16\.m2\repository\org\glassfish\jaxb\jaxb-runtime\4.0.2\jaxb-runtime-4.0.2.jar;C:\Users\venom-16\.m2\repository\org\glassfish\jaxb\jaxb-core\4.0.2\jaxb-core-4.0.2.jar;C:\Users\venom-16\.m2\repository\org\glassfish\jaxb\txw2\4.0.2\txw2-4.0.2.jar;C:\Users\venom-16\.m2\repository\com\sun\istack\istack-commons-runtime\4.1.1\istack-commons-runtime-4.1.1.jar;C:\Users\venom-16\.m2\repository\jakarta\inject\jakarta.inject-api\2.0.1\jakarta.inject-api-2.0.1.jar;C:\Users\venom-16\.m2\repository\org\antlr\antlr4-runtime\4.10.1\antlr4-runtime-4.10.1.jar;C:\Users\venom-16\.m2\repository\org\springframework\data\spring-data-jpa\3.1.0\spring-data-jpa-3.1.0.jar;C:\Users\venom-16\.m2\repository\org\springframework\data\spring-data-commons\3.1.0\spring-data-commons-3.1.0.jar;C:\Users\venom-16\.m2\repository\org\springframework\spring-orm\6.0.9\spring-orm-6.0.9.jar;C:\Users\venom-16\.m2\repository\org\springframework\spring-context\6.0.9\spring-context-6.0.9.jar;C:\Users\venom-16\.m2\repository\org\springframework\spring-tx\6.0.9\spring-tx-6.0.9.jar;C:\Users\venom-16\.m2\repository\org\springframework\spring-beans\6.0.9\spring-beans-6.0.9.jar;C:\Users\venom-16\.m2\repository\jakarta\annotation\jakarta.annotation-api\2.1.1\jakarta.annotation-api-2.1.1.jar;C:\Users\venom-16\.m2\repository\org\springframework\spring-aspects\6.0.9\spring-aspects-6.0.9.jar;C:\Users\venom-16\.m2\repository\org\springframework\boot\spring-boot-starter-security\3.1.0-SNAPSHOT\spring-boot-starter-security-3.1.0-SNAPSHOT.jar;C:\Users\venom-16\.m2\repository\org\springframework\boot\spring-boot-starter\3.1.0-SNAPSHOT\spring-boot-starter-3.1.0-SNAPSHOT.jar;C:\Users\venom-16\.m2\repository\org\springframework\boot\spring-boot-starter-logging\3.1.0-SNAPSHOT\spring-boot-starter-logging-3.1.0-SNAPSHOT.jar;C:\Users\venom-16\.m2\repository\ch\qos\logback\logback-classic\1.4.7\logback-classic-1.4.7.jar;C:\Users\venom-16\.m2\repository\ch\qos\logback\logback-core\1.4.7\logback-core-1.4.7.jar;C:\Users\venom-16\.m2\repository\org\apache\logging\log4j\log4j-to-slf4j\2.20.0\log4j-to-slf4j-2.20.0.jar;C:\Users\venom-16\.m2\repository\org\apache\logging\log4j\log4j-api\2.20.0\log4j-api-2.20.0.jar;C:\Users\venom-16\.m2\repository\org\slf4j\jul-to-slf4j\2.0.7\jul-to-slf4j-2.0.7.jar;C:\Users\venom-16\.m2\repository\org\yaml\snakeyaml\1.33\snakeyaml-1.33.jar;C:\Users\venom-16\.m2\repository\org\springframework\spring-aop\6.0.9\spring-aop-6.0.9.jar;C:\Users\venom-16\.m2\repository\org\springframework\security\spring-security-config\6.1.0\spring-security-config-6.1.0.jar;C:\Users\venom-16\.m2\repository\org\springframework\security\spring-security-core\6.1.0\spring-security-core-6.1.0.jar;C:\Users\venom-16\.m2\repository\org\springframework\security\spring-security-crypto\6.1.0\spring-security-crypto-6.1.0.jar;C:\Users\venom-16\.m2\repository\org\springframework\security\spring-security-web\6.1.0\spring-security-web-6.1.0.jar;C:\Users\venom-16\.m2\repository\org\springframework\spring-expression\6.0.9\spring-expression-6.0.9.jar;C:\Users\venom-16\.m2\repository\org\thymeleaf\extras\thymeleaf-extras-springsecurity6\3.1.1.RELEASE\thymeleaf-extras-springsecurity6-3.1.1.RELEASE.jar;C:\Users\venom-16\.m2\repository\org\thymeleaf\thymeleaf-spring6\3.1.1.RELEASE\thymeleaf-spring6-3.1.1.RELEASE.jar;C:\Users\venom-16\.m2\repository\org\slf4j\slf4j-api\2.0.7\slf4j-api-2.0.7.jar;C:\Users\venom-16\.m2\repository\org\springframework\boot\spring-boot-starter-web\3.1.0-SNAPSHOT\spring-boot-starter-web-3.1.0-SNAPSHOT.jar;C:\Users\venom-16\.m2\repository\org\springframework\boot\spring-boot-starter-json\3.1.0-SNAPSHOT\spring-boot-starter-json-3.1.0-SNAPSHOT.jar;C:\Users\venom-16\.m2\repository\com\fasterxml\jackson\datatype\jackson-datatype-jdk8\2.15.0\jackson-datatype-jdk8-2.15.0.jar;C:\Users\venom-16\.m2\repository\com\fasterxml\jackson\datatype\jackson-datatype-jsr310\2.15.0\jackson-datatype-jsr310-2.15.0.jar;C:\Users\venom-16\.m2\repository\com\fasterxml\jackson\module\jackson-module-parameter-names\2.15.0\jackson-module-parameter-names-2.15.0.jar;C:\Users\venom-16\.m2\repository\org\springframework\boot\spring-boot-starter-tomcat\3.1.0-SNAPSHOT\spring-boot-starter-tomcat-3.1.0-SNAPSHOT.jar;C:\Users\venom-16\.m2\repository\org\apache\tomcat\embed\tomcat-embed-websocket\10.1.8\tomcat-embed-websocket-10.1.8.jar;C:\Users\venom-16\.m2\repository\org\springframework\spring-web\6.0.9\spring-web-6.0.9.jar;C:\Users\venom-16\.m2\repository\org\springframework\spring-webmvc\6.0.9\spring-webmvc-6.0.9.jar;C:\Users\venom-16\.m2\repository\org\springframework\boot\spring-boot-starter-web-services\3.1.0-SNAPSHOT\spring-boot-starter-web-services-3.1.0-SNAPSHOT.jar;C:\Users\venom-16\.m2\repository\com\sun\xml\messaging\saaj\saaj-impl\3.0.2\saaj-impl-3.0.2.jar;C:\Users\venom-16\.m2\repository\jakarta\xml\soap\jakarta.xml.soap-api\3.0.0\jakarta.xml.soap-api-3.0.0.jar;C:\Users\venom-16\.m2\repository\org\jvnet\staxex\stax-ex\2.1.0\stax-ex-2.1.0.jar;C:\Users\venom-16\.m2\repository\jakarta\activation\jakarta.activation-api\2.1.2\jakarta.activation-api-2.1.2.jar;C:\Users\venom-16\.m2\repository\org\eclipse\angus\angus-activation\2.0.0\angus-activation-2.0.0.jar;C:\Users\venom-16\.m2\repository\jakarta\xml\ws\jakarta.xml.ws-api\4.0.0\jakarta.xml.ws-api-4.0.0.jar;C:\Users\venom-16\.m2\repository\org\springframework\spring-oxm\6.0.9\spring-oxm-6.0.9.jar;C:\Users\venom-16\.m2\repository\org\springframework\ws\spring-ws-core\4.0.4\spring-ws-core-4.0.4.jar;C:\Users\venom-16\.m2\repository\org\springframework\ws\spring-xml\4.0.4\spring-xml-4.0.4.jar;C:\Users\venom-16\.m2\repository\com\auth0\java-jwt\3.4.1\java-jwt-3.4.1.jar;C:\Users\venom-16\.m2\repository\com\fasterxml\jackson\core\jackson-databind\2.15.0\jackson-databind-2.15.0.jar;C:\Users\venom-16\.m2\repository\com\fasterxml\jackson\core\jackson-annotations\2.15.0\jackson-annotations-2.15.0.jar;C:\Users\venom-16\.m2\repository\com\fasterxml\jackson\core\jackson-core\2.15.0\jackson-core-2.15.0.jar;C:\Users\venom-16\.m2\repository\commons-codec\commons-codec\1.15\commons-codec-1.15.jar;C:\Users\venom-16\.m2\repository\org\springframework\boot\spring-boot-devtools\3.1.0-SNAPSHOT\spring-boot-devtools-3.1.0-SNAPSHOT.jar;C:\Users\venom-16\.m2\repository\org\springframework\boot\spring-boot\3.1.0-SNAPSHOT\spring-boot-3.1.0-SNAPSHOT.jar;C:\Users\venom-16\.m2\repository\org\springframework\boot\spring-boot-autoconfigure\3.1.0-SNAPSHOT\spring-boot-autoconfigure-3.1.0-SNAPSHOT.jar;C:\Users\venom-16\.m2\repository\com\mysql\mysql-connector-j\8.0.33\mysql-connector-j-8.0.33.jar;C:\Users\venom-16\.m2\repository\org\springframework\boot\spring-boot-starter-test\3.1.0-SNAPSHOT\spring-boot-starter-test-3.1.0-SNAPSHOT.jar;C:\Users\venom-16\.m2\repository\org\springframework\boot\spring-boot-test\3.1.0-SNAPSHOT\spring-boot-test-3.1.0-SNAPSHOT.jar;C:\Users\venom-16\.m2\repository\org\springframework\boot\spring-boot-test-autoconfigure\3.1.0-SNAPSHOT\spring-boot-test-autoconfigure-3.1.0-SNAPSHOT.jar;C:\Users\venom-16\.m2\repository\com\jayway\jsonpath\json-path\2.8.0\json-path-2.8.0.jar;C:\Users\venom-16\.m2\repository\jakarta\xml\bind\jakarta.xml.bind-api\4.0.0\jakarta.xml.bind-api-4.0.0.jar;C:\Users\venom-16\.m2\repository\net\minidev\json-smart\2.4.10\json-smart-2.4.10.jar;C:\Users\venom-16\.m2\repository\net\minidev\accessors-smart\2.4.9\accessors-smart-2.4.9.jar;C:\Users\venom-16\.m2\repository\org\ow2\asm\asm\9.3\asm-9.3.jar;C:\Users\venom-16\.m2\repository\org\assertj\assertj-core\3.24.2\assertj-core-3.24.2.jar;C:\Users\venom-16\.m2\repository\org\hamcrest\hamcrest\2.2\hamcrest-2.2.jar;C:\Users\venom-16\.m2\repository\org\junit\jupiter\junit-jupiter\5.9.3\junit-jupiter-5.9.3.jar;C:\Users\venom-16\.m2\repository\org\junit\jupiter\junit-jupiter-api\5.9.3\junit-jupiter-api-5.9.3.jar;C:\Users\venom-16\.m2\repository\org\opentest4j\opentest4j\1.2.0\opentest4j-1.2.0.jar;C:\Users\venom-16\.m2\repository\org\junit\platform\junit-platform-commons\1.9.3\junit-platform-commons-1.9.3.jar;C:\Users\venom-16\.m2\repository\org\apiguardian\apiguardian-api\1.1.2\apiguardian-api-1.1.2.jar;C:\Users\venom-16\.m2\repository\org\junit\jupiter\junit-jupiter-params\5.9.3\junit-jupiter-params-5.9.3.jar;C:\Users\venom-16\.m2\repository\org\junit\jupiter\junit-jupiter-engine\5.9.3\junit-jupiter-engine-5.9.3.jar;C:\Users\venom-16\.m2\repository\org\junit\platform\junit-platform-engine\1.9.3\junit-platform-engine-1.9.3.jar;C:\Users\venom-16\.m2\repository\org\mockito\mockito-core\5.3.1\mockito-core-5.3.1.jar;C:\Users\venom-16\.m2\repository\net\bytebuddy\byte-buddy-agent\1.14.4\byte-buddy-agent-1.14.4.jar;C:\Users\venom-16\.m2\repository\org\objenesis\objenesis\3.3\objenesis-3.3.jar;C:\Users\venom-16\.m2\repository\org\mockito\mockito-junit-jupiter\5.3.1\mockito-junit-jupiter-5.3.1.jar;C:\Users\venom-16\.m2\repository\org\skyscreamer\jsonassert\1.5.1\jsonassert-1.5.1.jar;C:\Users\venom-16\.m2\repository\com\vaadin\external\google\android-json\0.0.20131108.vaadin1\android-json-0.0.20131108.vaadin1.jar;C:\Users\venom-16\.m2\repository\org\springframework\spring-core\6.0.9\spring-core-6.0.9.jar;C:\Users\venom-16\.m2\repository\org\springframework\spring-jcl\6.0.9\spring-jcl-6.0.9.jar;C:\Users\venom-16\.m2\repository\org\springframework\spring-test\6.0.9\spring-test-6.0.9.jar;C:\Users\venom-16\.m2\repository\org\xmlunit\xmlunit-core\2.9.1\xmlunit-core-2.9.1.jar;C:\Users\venom-16\.m2\repository\org\apache\tomcat\embed\tomcat-embed-jasper\10.1.8\tomcat-embed-jasper-10.1.8.jar;C:\Users\venom-16\.m2\repository\org\apache\tomcat\embed\tomcat-embed-core\10.1.8\tomcat-embed-core-10.1.8.jar;C:\Users\venom-16\.m2\repository\org\apache\tomcat\tomcat-annotations-api\10.1.8\tomcat-annotations-api-10.1.8.jar;C:\Users\venom-16\.m2\repository\org\apache\tomcat\embed\tomcat-embed-el\10.1.8\tomcat-embed-el-10.1.8.jar;C:\Users\venom-16\.m2\repository\org\eclipse\jdt\ecj\3.33.0\ecj-3.33.0.jar;C:\Users\venom-16\.m2\repository\org\glassfish\web\jakarta.servlet.jsp.jstl\3.0.1\jakarta.servlet.jsp.jstl-3.0.1.jar;C:\Users\venom-16\.m2\repository\jakarta\servlet\jsp\jstl\jakarta.servlet.jsp.jstl-api\3.0.0\jakarta.servlet.jsp.jstl-api-3.0.0.jar;C:\Users\venom-16\.m2\repository\jakarta\servlet\jakarta.servlet-api\6.0.0\jakarta.servlet-api-6.0.0.jar;C:\Users\venom-16\.m2\repository\jakarta\el\jakarta.el-api\5.0.0\jakarta.el-api-5.0.0.jar;C:\Users\venom-16\.m2\repository\org\eclipse\jetty\glassfish-jstl\11.0.12\glassfish-jstl-11.0.12.jar;C:\Users\venom-16\.m2\repository\org\webjars\bootstrap\4.3.1\bootstrap-4.3.1.jar;C:\Users\venom-16\.m2\repository\org\webjars\popper.js\1.14.3\popper.js-1.14.3.jar;C:\Users\venom-16\.m2\repository\org\springframework\boot\spring-boot-starter-thymeleaf\3.1.0-SNAPSHOT\spring-boot-starter-thymeleaf-3.1.0-SNAPSHOT.jar;C:\Users\venom-16\.m2\repository\org\springframework\boot\spring-boot-starter-validation\3.1.0-SNAPSHOT\spring-boot-starter-validation-3.1.0-SNAPSHOT.jar;C:\Users\venom-16\.m2\repository\org\hibernate\validator\hibernate-validator\8.0.0.Final\hibernate-validator-8.0.0.Final.jar;C:\Users\venom-16\.m2\repository\jakarta\validation\jakarta.validation-api\3.0.2\jakarta.validation-api-3.0.2.jar;C:\Users\venom-16\.m2\repository\nz\net\ultraq\thymeleaf\thymeleaf-layout-dialect\3.2.1\thymeleaf-layout-dialect-3.2.1.jar;C:\Users\venom-16\.m2\repository\org\apache\groovy\groovy\4.0.12\groovy-4.0.12.jar;C:\Users\venom-16\.m2\repository\nz\net\ultraq\groovy\groovy-extensions\2.1.0\groovy-extensions-2.1.0.jar;C:\Users\venom-16\.m2\repository\nz\net\ultraq\thymeleaf\thymeleaf-expression-processor\3.1.1\thymeleaf-expression-processor-3.1.1.jar;C:\Users\venom-16\.m2\repository\org\thymeleaf\thymeleaf\3.1.1.RELEASE\thymeleaf-3.1.1.RELEASE.jar;C:\Users\venom-16\.m2\repository\ognl\ognl\3.3.4\ognl-3.3.4.jar;C:\Users\venom-16\.m2\repository\org\javassist\javassist\3.29.0-GA\javassist-3.29.0-GA.jar;C:\Users\venom-16\.m2\repository\org\attoparser\attoparser\2.0.6.RELEASE\attoparser-2.0.6.RELEASE.jar;C:\Users\venom-16\.m2\repository\org\unbescape\unbescape\1.1.6.RELEASE\unbescape-1.1.6.RELEASE.jar;C:\Users\venom-16\.m2\repository\org\webjars\jquery\3.5.1\jquery-3.5.1.jar;C:\Users\venom-16\.m2\repository\org\springframework\boot\spring-boot-starter-data-rest\3.1.0-SNAPSHOT\spring-boot-starter-data-rest-3.1.0-SNAPSHOT.jar;C:\Users\venom-16\.m2\repository\org\springframework\data\spring-data-rest-webmvc\4.1.0\spring-data-rest-webmvc-4.1.0.jar;C:\Users\venom-16\.m2\repository\org\springframework\data\spring-data-rest-core\4.1.0\spring-data-rest-core-4.1.0.jar;C:\Users\venom-16\.m2\repository\org\springframework\hateoas\spring-hateoas\2.1.0\spring-hateoas-2.1.0.jar;C:\Users\venom-16\.m2\repository\org\springframework\plugin\spring-plugin-core\3.0.0\spring-plugin-core-3.0.0.jar;C:\Users\venom-16\.m2\repository\org\atteo\evo-inflector\1.3\evo-inflector-1.3.jar;C:\Users\venom-16\.m2\repository\org\projectlombok\lombok\1.18.26\lombok-1.18.26.jar;C:\Users\venom-16\.m2\repository\org\springframework\cloud\spring-cloud-starter-netflix-eureka-client\4.0.2\spring-cloud-starter-netflix-eureka-client-4.0.2.jar;C:\Users\venom-16\.m2\repository\org\springframework\cloud\spring-cloud-starter\4.0.3\spring-cloud-starter-4.0.3.jar;C:\Users\venom-16\.m2\repository\org\springframework\cloud\spring-cloud-context\4.0.3\spring-cloud-context-4.0.3.jar;C:\Users\venom-16\.m2\repository\org\springframework\cloud\spring-cloud-commons\4.0.3\spring-cloud-commons-4.0.3.jar;C:\Users\venom-16\.m2\repository\org\springframework\security\spring-security-rsa\1.0.11.RELEASE\spring-security-rsa-1.0.11.RELEASE.jar;C:\Users\venom-16\.m2\repository\org\bouncycastle\bcpkix-jdk15on\1.69\bcpkix-jdk15on-1.69.jar;C:\Users\venom-16\.m2\repository\org\bouncycastle\bcprov-jdk15on\1.69\bcprov-jdk15on-1.69.jar;C:\Users\venom-16\.m2\repository\org\bouncycastle\bcutil-jdk15on\1.69\bcutil-jdk15on-1.69.jar;C:\Users\venom-16\.m2\repository\org\springframework\cloud\spring-cloud-netflix-eureka-client\4.0.2\spring-cloud-netflix-eureka-client-4.0.2.jar;C:\Users\venom-16\.m2\repository\org\apache\httpcomponents\client5\httpclient5\5.2.1\httpclient5-5.2.1.jar;C:\Users\venom-16\.m2\repository\org\apache\httpcomponents\core5\httpcore5\5.2.1\httpcore5-5.2.1.jar;C:\Users\venom-16\.m2\repository\org\apache\httpcomponents\core5\httpcore5-h2\5.2.1\httpcore5-h2-5.2.1.jar;C:\Users\venom-16\.m2\repository\com\netflix\eureka\eureka-client\2.0.0\eureka-client-2.0.0.jar;C:\Users\venom-16\.m2\repository\com\netflix\netflix-commons\netflix-eventbus\0.3.0\netflix-eventbus-0.3.0.jar;C:\Users\venom-16\.m2\repository\com\netflix\netflix-commons\netflix-infix\0.3.0\netflix-infix-0.3.0.jar;C:\Users\venom-16\.m2\repository\commons-jxpath\commons-jxpath\1.3\commons-jxpath-1.3.jar;C:\Users\venom-16\.m2\repository\joda-time\joda-time\2.3\joda-time-2.3.jar;C:\Users\venom-16\.m2\repository\javax\servlet\servlet-api\2.5\servlet-api-2.5.jar;C:\Users\venom-16\.m2\repository\org\antlr\antlr-runtime\3.4\antlr-runtime-3.4.jar;C:\Users\venom-16\.m2\repository\org\antlr\stringtemplate\3.2.1\stringtemplate-3.2.1.jar;C:\Users\venom-16\.m2\repository\antlr\antlr\2.7.7\antlr-2.7.7.jar;C:\Users\venom-16\.m2\repository\com\google\code\gson\gson\2.10.1\gson-2.10.1.jar;C:\Users\venom-16\.m2\repository\org\apache\commons\commons-math\2.2\commons-math-2.2.jar;C:\Users\venom-16\.m2\repository\com\thoughtworks\xstream\xstream\1.4.19\xstream-1.4.19.jar;C:\Users\venom-16\.m2\repository\io\github\x-stream\mxparser\1.2.2\mxparser-1.2.2.jar;C:\Users\venom-16\.m2\repository\xmlpull\xmlpull\1.1.3.1\xmlpull-1.1.3.1.jar;C:\Users\venom-16\.m2\repository\com\netflix\archaius\archaius-core\0.7.6\archaius-core-0.7.6.jar;C:\Users\venom-16\.m2\repository\com\google\guava\guava\16.0\guava-16.0.jar;C:\Users\venom-16\.m2\repository\jakarta\ws\rs\jakarta.ws.rs-api\3.1.0\jakarta.ws.rs-api-3.1.0.jar;C:\Users\venom-16\.m2\repository\com\netflix\servo\servo-core\0.12.21\servo-core-0.12.21.jar;C:\Users\venom-16\.m2\repository\org\apache\httpcomponents\httpclient\4.5.3\httpclient-4.5.3.jar;C:\Users\venom-16\.m2\repository\org\apache\httpcomponents\httpcore\4.4.16\httpcore-4.4.16.jar;C:\Users\venom-16\.m2\repository\commons-logging\commons-logging\1.2\commons-logging-1.2.jar;C:\Users\venom-16\.m2\repository\com\google\code\findbugs\jsr305\3.0.2\jsr305-3.0.2.jar;C:\Users\venom-16\.m2\repository\commons-configuration\commons-configuration\1.10\commons-configuration-1.10.jar;C:\Users\venom-16\.m2\repository\commons-lang\commons-lang\2.6\commons-lang-2.6.jar;C:\Users\venom-16\.m2\repository\com\github\vlsi\compactmap\compactmap\2.0\compactmap-2.0.jar;C:\Users\venom-16\.m2\repository\com\github\andrewoma\dexx\dexx-collections\0.2\dexx-collections-0.2.jar;C:\Users\venom-16\.m2\repository\org\codehaus\jettison\jettison\1.4.0\jettison-1.4.0.jar;C:\Users\venom-16\.m2\repository\com\netflix\eureka\eureka-core\2.0.0\eureka-core-2.0.0.jar;C:\Users\venom-16\.m2\repository\com\fasterxml\woodstox\woodstox-core\6.2.1\woodstox-core-6.2.1.jar;C:\Users\venom-16\.m2\repository\org\codehaus\woodstox\stax2-api\4.2.1\stax2-api-4.2.1.jar;C:\Users\venom-16\.m2\repository\org\springframework\cloud\spring-cloud-starter-loadbalancer\4.0.3\spring-cloud-starter-loadbalancer-4.0.3.jar;C:\Users\venom-16\.m2\repository\org\springframework\cloud\spring-cloud-loadbalancer\4.0.3\spring-cloud-loadbalancer-4.0.3.jar;C:\Users\venom-16\.m2\repository\io\projectreactor\reactor-core\3.5.6\reactor-core-3.5.6.jar;C:\Users\venom-16\.m2\repository\org\reactivestreams\reactive-streams\1.0.4\reactive-streams-1.0.4.jar;C:\Users\venom-16\.m2\repository\io\projectreactor\addons\reactor-extra\3.5.1\reactor-extra-3.5.1.jar;C:\Users\venom-16\.m2\repository\org\springframework\boot\spring-boot-starter-cache\3.1.0-SNAPSHOT\spring-boot-starter-cache-3.1.0-SNAPSHOT.jar;C:\Users\venom-16\.m2\repository\org\springframework\spring-context-support\6.0.9\spring-context-support-6.0.9.jar;C:\Users\venom-16\.m2\repository\com\stoyanr\evictor\1.0.0\evictor-1.0.0.jar;C:\Users\venom-16\.m2\repository\org\springframework\boot\spring-boot-starter-actuator\3.1.2\spring-boot-starter-actuator-3.1.2.jar;C:\Users\venom-16\.m2\repository\org\springframework\boot\spring-boot-actuator-autoconfigure\3.1.0-SNAPSHOT\spring-boot-actuator-autoconfigure-3.1.0-SNAPSHOT.jar;C:\Users\venom-16\.m2\repository\org\springframework\boot\spring-boot-actuator\3.1.0-SNAPSHOT\spring-boot-actuator-3.1.0-SNAPSHOT.jar;C:\Users\venom-16\.m2\repository\io\micrometer\micrometer-observation\1.11.0\micrometer-observation-1.11.0.jar;C:\Users\venom-16\.m2\repository\io\micrometer\micrometer-commons\1.11.0\micrometer-commons-1.11.0.jar;C:\Users\venom-16\.m2\repository\io\micrometer\micrometer-core\1.11.0\micrometer-core-1.11.0.jar;C:\Users\venom-16\.m2\repository\org\hdrhistogram\HdrHistogram\2.1.12\HdrHistogram-2.1.12.jar;C:\Users\venom-16\.m2\repository\org\latencyutils\LatencyUtils\2.0.3\LatencyUtils-2.0.3.jar;"/>
    <property name="sun.cpu.endian" value="little"/>
    <property name="user.home" value="C:\Users\venom-16"/>
    <property name="user.language" value="en"/>
    <property name="java.specification.vendor" value="Oracle Corporation"/>
    <property name="java.version.date" value="2023-01-17"/>
    <property name="java.home" value="C:\Users\venom-16\.jdks\corretto-17.0.6"/>
    <property name="file.separator" value="\"/>
    <property name="basedir" value="C:\Users\venom-16\Desktop\SpringBootCloud\AngularGMS_SpringbootMainService-main"/>
    <property name="java.vm.compressedOopsMode" value="Zero based"/>
    <property name="line.separator" value="&#10;"/>
    <property name="java.vm.specification.vendor" value="Oracle Corporation"/>
    <property name="java.specification.name" value="Java Platform API Specification"/>
    <property name="FILE_LOG_CHARSET" value="windows-1252"/>
    <property name="java.awt.headless" value="true"/>
    <property name="surefire.real.class.path" value="C:\Users\venom-16\AppData\Local\Temp\surefire12004795936236162937\surefirebooter-20231129231144069_3.jar"/>
    <property name="user.script" value=""/>
    <property name="sun.management.compiler" value="HotSpot 64-Bit Tiered Compilers"/>
    <property name="java.runtime.version" value="17.0.6+10-LTS"/>
    <property name="user.name" value="venom-16"/>
    <property name="path.separator" value=";"/>
    <property name="os.version" value="10.0"/>
    <property name="java.runtime.name" value="OpenJDK Runtime Environment"/>
    <property name="file.encoding" value="Cp1252"/>
    <property name="java.vm.name" value="OpenJDK 64-Bit Server VM"/>
    <property name="java.vendor.version" value="Corretto-17.0.6.10.1"/>
    <property name="localRepository" value="C:\Users\venom-16\.m2\repository"/>
    <property name="java.vendor.url.bug" value="https://github.com/corretto/corretto-17/issues/"/>
    <property name="java.io.tmpdir" value="C:\Users\venom-16\AppData\Local\Temp\"/>
    <property name="idea.version" value="2022.2.5"/>
    <property name="com.zaxxer.hikari.pool_number" value="1"/>
    <property name="java.version" value="17.0.6"/>
    <property name="user.dir" value="C:\Users\venom-16\Desktop\SpringBootCloud\AngularGMS_SpringbootMainService-main"/>
    <property name="os.arch" value="amd64"/>
    <property name="java.vm.specification.name" value="Java Virtual Machine Specification"/>
    <property name="PID" value="20624"/>
    <property name="sun.os.patch.level" value=""/>
    <property name="CONSOLE_LOG_CHARSET" value="windows-1252"/>
    <property name="native.encoding" value="Cp1252"/>
    <property name="java.library.path" value="C:\Users\venom-16\.jdks\corretto-17.0.6\bin;C:\Windows\Sun\Java\bin;C:\Windows\system32;C:\Windows;C:\Program Files\Common Files\Oracle\Java\javapath;C:\Program Files (x86)\Common Files\Oracle\Java\javapath;C:\Program Files (x86)\Common Files\Intel\Shared Libraries\redist\intel64_win\compiler;C:\ProgramData\Oracle\Java\javapath;C:\Windows\system32;C:\Windows;C:\Windows\System32\Wbem;C:\Windows\System32\WindowsPowerShell\v1.0\;C:\Windows\System32\OpenSSH\;C:\Program Files (x86)\NVIDIA Corporation\PhysX\Common;C:\Program Files\NVIDIA Corporation\NVIDIA NvDLISR;C:\Program Files (x86)\dotnet\;C:\MinGW\bin;C:\Program Files\dotnet\;C:\Program Files\Java\jdk1.8.0_341\bin;C:\Program Files\Git\cmd;C:\Program Files\nodejs\;C:\Users\venom-16\AppData\Local\Programs\Python\Python311\Scripts\;C:\Users\venom-16\AppData\Local\Programs\Python\Python311\;C:\Users\venom-16\AppData\Local\Microsoft\WindowsApps;C:\Program Files\JetBrains\IntelliJ IDEA 2022.2\bin;;C:\flutter\f\flutter\bin;C:\Users\venom-16\AppData\Local\Pub\Cache\bin;C:\Users\venom-16\AppData\Local\Programs\Microsoft VS Code\bin;C:\Users\venom-16\AppData\Local\spicetify;C:\Users\venom-16\AppData\Roaming\npm;."/>
    <property name="java.vm.info" value="mixed mode, sharing"/>
    <property name="java.vendor" value="Amazon.com Inc."/>
    <property name="java.vm.version" value="17.0.6+10-LTS"/>
    <property name="sun.io.unicode.encoding" value="UnicodeLittle"/>
    <property name="java.class.version" value="61.0"/>
  </properties>
  <testcase name="testfindByGenre" classname="com.khalil.sma.SMATests" time="0.614">
    <system-out><![CDATA[23:11:44.918 [main] INFO org.springframework.test.context.support.AnnotationConfigContextLoaderUtils -- Could not detect default configuration classes for test class [com.khalil.sma.SMATests]: SMATests does not declare any static, non-private, non-final, nested classes annotated with @Configuration.
23:11:45.008 [main] INFO org.springframework.boot.test.context.SpringBootTestContextBootstrapper -- Found @SpringBootConfiguration com.khalil.sma.SMA for test class com.khalil.sma.SMATests

  .   ____          _            __ _ _
 /\\ / ___'_ __ _ _(_)_ __  __ _ \ \ \ \
( ( )\___ | '_ | '_| | '_ \/ _` | \ \ \ \
 \\/  ___)| |_)| | | | | || (_| |  ) ) ) )
  '  |____| .__|_| |_|_| |_\__, | / / / /
 =========|_|==============|___/=/_/_/_/
 :: Spring Boot ::       (v3.1.0-SNAPSHOT)

2023-11-29T23:11:46.490+01:00  INFO 20624 --- [           main] com.khalil.sma.SMATests                  : Starting SMATests using Java 17.0.6 with PID 20624 (started by venom-16 in C:\Users\venom-16\Desktop\SpringBootCloud\AngularGMS_SpringbootMainService-main)
2023-11-29T23:11:46.492+01:00  INFO 20624 --- [           main] com.khalil.sma.SMATests                  : No active profile set, falling back to 1 default profile: "default"
2023-11-29T23:11:47.861+01:00  INFO 20624 --- [           main] .s.d.r.c.RepositoryConfigurationDelegate : Bootstrapping Spring Data JPA repositories in DEFAULT mode.
2023-11-29T23:11:48.166+01:00  INFO 20624 --- [           main] .s.d.r.c.RepositoryConfigurationDelegate : Finished Spring Data repository scanning in 295 ms. Found 4 JPA repository interfaces.
2023-11-29T23:11:48.571+01:00  INFO 20624 --- [           main] o.s.cloud.context.scope.GenericScope     : BeanFactory id=682fdbfa-f05a-3508-b489-9ced4ed9b7b6
2023-11-29T23:11:48.797+01:00  INFO 20624 --- [           main] trationDelegate$BeanPostProcessorChecker : Bean 'org.springframework.ws.config.annotation.DelegatingWsConfiguration' of type [org.springframework.ws.config.annotation.DelegatingWsConfiguration$$SpringCGLIB$$0] is not eligible for getting processed by all BeanPostProcessors (for example: not eligible for auto-proxying)
2023-11-29T23:11:48.880+01:00  INFO 20624 --- [           main] .w.s.a.s.AnnotationActionEndpointMapping : Supporting [WS-Addressing August 2004, WS-Addressing 1.0]
2023-11-29T23:11:49.081+01:00  INFO 20624 --- [           main] o.hibernate.jpa.internal.util.LogHelper  : HHH000204: Processing PersistenceUnitInfo [name: default]
2023-11-29T23:11:49.197+01:00  INFO 20624 --- [           main] org.hibernate.Version                    : HHH000412: Hibernate ORM core version 6.2.2.Final
2023-11-29T23:11:49.202+01:00  INFO 20624 --- [           main] org.hibernate.cfg.Environment            : HHH000406: Using bytecode reflection optimizer
2023-11-29T23:11:49.477+01:00  INFO 20624 --- [           main] o.h.b.i.BytecodeProviderInitiator        : HHH000021: Bytecode provider name : bytebuddy
2023-11-29T23:11:49.662+01:00  INFO 20624 --- [           main] o.s.o.j.p.SpringPersistenceUnitInfo      : No LoadTimeWeaver setup: ignoring JPA class transformer
2023-11-29T23:11:49.682+01:00  INFO 20624 --- [           main] com.zaxxer.hikari.HikariDataSource       : HikariPool-1 - Starting...
2023-11-29T23:11:49.844+01:00  INFO 20624 --- [           main] com.zaxxer.hikari.pool.HikariPool        : HikariPool-1 - Added connection com.mysql.cj.jdbc.ConnectionImpl@77fb1002
2023-11-29T23:11:49.846+01:00  INFO 20624 --- [           main] com.zaxxer.hikari.HikariDataSource       : HikariPool-1 - Start completed.
2023-11-29T23:11:49.904+01:00  WARN 20624 --- [           main] org.hibernate.dialect.Dialect            : HHH000511: The 5.5.0 version for [org.hibernate.dialect.MySQLDialect] is no longer supported, hence certain features may not work properly. The minimum supported version is 5.7.0. Check the community dialects project for available legacy versions.
2023-11-29T23:11:49.908+01:00  INFO 20624 --- [           main] org.hibernate.orm.dialect                : HHH035001: Using dialect: org.hibernate.dialect.MySQLDialect, version: 5.5
2023-11-29T23:11:50.173+01:00  INFO 20624 --- [           main] o.h.b.i.BytecodeProviderInitiator        : HHH000021: Bytecode provider name : bytebuddy
2023-11-29T23:11:50.925+01:00  INFO 20624 --- [           main] o.h.e.t.j.p.i.JtaPlatformInitiator       : HHH000490: Using JtaPlatform implementation: [org.hibernate.engine.transaction.jta.platform.internal.NoJtaPlatform]
Hibernate: alter table image modify column image  mediumblob
2023-11-29T23:11:51.035+01:00  INFO 20624 --- [           main] j.LocalContainerEntityManagerFactoryBean : Initialized JPA EntityManagerFactory for persistence unit 'default'
2023-11-29T23:11:51.524+01:00  INFO 20624 --- [           main] o.s.d.j.r.query.QueryEnhancerFactory     : Hibernate is in classpath; If applicable, HQL parser will be used.
2023-11-29T23:11:52.802+01:00  WARN 20624 --- [           main] JpaBaseConfiguration$JpaWebConfiguration : spring.jpa.open-in-view is enabled by default. Therefore, database queries may be performed during view rendering. Explicitly configure spring.jpa.open-in-view to disable this warning
2023-11-29T23:11:54.519+01:00  INFO 20624 --- [           main] o.s.cloud.commons.util.InetUtils         : Cannot determine local hostname
2023-11-29T23:11:54.658+01:00  INFO 20624 --- [           main] o.s.b.a.e.web.EndpointLinksResolver      : Exposing 1 endpoint(s) beneath base path '/actuator'
2023-11-29T23:11:54.701+01:00  INFO 20624 --- [           main] o.s.s.web.DefaultSecurityFilterChain     : Will secure any request with [org.springframework.security.web.session.DisableEncodeUrlFilter@3128be29, org.springframework.security.web.context.request.async.WebAsyncManagerIntegrationFilter@412b4aed, org.springframework.security.web.context.SecurityContextHolderFilter@345f429, org.springframework.security.web.header.HeaderWriterFilter@ed37f28, org.springframework.web.filter.CorsFilter@4da454a7, org.springframework.security.web.authentication.logout.LogoutFilter@7553ad52, com.khalil.sma.security.JWTAuthorizationFilter@12139db0, org.springframework.security.web.savedrequest.RequestCacheAwareFilter@341f2f4c, org.springframework.security.web.servletapi.SecurityContextHolderAwareRequestFilter@1b717d03, org.springframework.security.web.authentication.AnonymousAuthenticationFilter@66beb02d, org.springframework.security.web.session.SessionManagementFilter@9d7d83d, org.springframework.security.web.access.ExceptionTranslationFilter@3d7c76af, org.springframework.security.web.access.intercept.AuthorizationFilter@10fc01e0]
2023-11-29T23:11:54.991+01:00  WARN 20624 --- [           main] ion$DefaultTemplateResolverConfiguration : Cannot find template location: classpath:/templates/ (please add some templates, check your Thymeleaf configuration, or set spring.thymeleaf.check-template-location=false)
2023-11-29T23:11:56.323+01:00  INFO 20624 --- [           main] o.s.cloud.commons.util.InetUtils         : Cannot determine local hostname
2023-11-29T23:11:56.331+01:00  INFO 20624 --- [           main] DiscoveryClientOptionalArgsConfiguration : Eureka HTTP Client uses RestTemplate.
2023-11-29T23:11:56.383+01:00  WARN 20624 --- [           main] iguration$LoadBalancerCaffeineWarnLogger : Spring Cloud LoadBalancer is currently working with the default cache. While this cache implementation is useful for development and tests, it's recommended to use Caffeine cache in production.You can switch to using Caffeine cache, by adding it and org.springframework.cache.caffeine.CaffeineCacheManager to the classpath.
2023-11-29T23:11:56.458+01:00  INFO 20624 --- [           main] o.s.c.n.eureka.InstanceInfoFactory       : Setting initial instance status as: STARTING
2023-11-29T23:11:56.547+01:00  INFO 20624 --- [           main] com.netflix.discovery.DiscoveryClient    : Initializing Eureka in region us-east-1
2023-11-29T23:11:56.555+01:00  INFO 20624 --- [           main] c.n.d.s.r.aws.ConfigClusterResolver      : Resolving eureka endpoints via configuration
2023-11-29T23:11:56.583+01:00  INFO 20624 --- [           main] com.netflix.discovery.DiscoveryClient    : Disable delta property : false
2023-11-29T23:11:56.583+01:00  INFO 20624 --- [           main] com.netflix.discovery.DiscoveryClient    : Single vip registry refresh property : null
2023-11-29T23:11:56.583+01:00  INFO 20624 --- [           main] com.netflix.discovery.DiscoveryClient    : Force full registry fetch : false
2023-11-29T23:11:56.583+01:00  INFO 20624 --- [           main] com.netflix.discovery.DiscoveryClient    : Application is null : false
2023-11-29T23:11:56.584+01:00  INFO 20624 --- [           main] com.netflix.discovery.DiscoveryClient    : Registered Applications size is zero : true
2023-11-29T23:11:56.584+01:00  INFO 20624 --- [           main] com.netflix.discovery.DiscoveryClient    : Application version is -1: true
2023-11-29T23:11:56.584+01:00  INFO 20624 --- [           main] com.netflix.discovery.DiscoveryClient    : Getting all instance registry info from the eureka server
2023-11-29T23:11:56.965+01:00  INFO 20624 --- [           main] com.netflix.discovery.DiscoveryClient    : The response status is 200
2023-11-29T23:11:56.968+01:00  INFO 20624 --- [           main] com.netflix.discovery.DiscoveryClient    : Starting heartbeat executor: renew interval is: 30
2023-11-29T23:11:56.971+01:00  INFO 20624 --- [           main] c.n.discovery.InstanceInfoReplicator     : InstanceInfoReplicator onDemand update allowed rate per min is 4
2023-11-29T23:11:56.976+01:00  INFO 20624 --- [           main] com.netflix.discovery.DiscoveryClient    : Discovery Client initialized at timestamp 1701295916975 with initial instances count: 2
2023-11-29T23:11:56.978+01:00  INFO 20624 --- [           main] o.s.c.n.e.s.EurekaServiceRegistry        : Registering application GAMES-SERVICE with eureka with status UP
2023-11-29T23:11:56.978+01:00  INFO 20624 --- [           main] com.netflix.discovery.DiscoveryClient    : Saw local status change event StatusChangeEvent [timestamp=1701295916978, current=UP, previous=STARTING]
2023-11-29T23:11:56.981+01:00  INFO 20624 --- [nfoReplicator-0] com.netflix.discovery.DiscoveryClient    : DiscoveryClient_GAMES-SERVICE/localhost:games-service:8090: registering service...
2023-11-29T23:11:56.999+01:00  INFO 20624 --- [           main] com.khalil.sma.SMATests                  : Started SMATests in 11.836 seconds (process running for 12.838)
2023-11-29T23:11:57.037+01:00  INFO 20624 --- [nfoReplicator-0] com.netflix.discovery.DiscoveryClient    : DiscoveryClient_GAMES-SERVICE/localhost:games-service:8090 - registration status: 204
Hibernate: select g1_0.id_game,g1_0.date_found,g1_0.genre_id_leg,g1_0.image_id_image,g1_0.nom_game from game g1_0 where g1_0.genre_id_leg=?
]]></system-out>
  </testcase>
  <testcase name="testFindByNomProduitContains" classname="com.khalil.sma.SMATests" time="0.032">
    <system-out><![CDATA[Hibernate: select g1_0.id_game,g1_0.date_found,g1_0.genre_id_leg,g1_0.image_id_image,g1_0.nom_game from game g1_0 where g1_0.nom_game like ? escape '\\'
Game [idGame=9, nomGame=battlefield, =]
]]></system-out>
  </testcase>
  <testcase name="testCreateGame" classname="com.khalil.sma.SMATests" time="0.071">
    <system-out><![CDATA[Hibernate: insert into game (date_found,genre_id_leg,image_id_image,nom_game) values (?,?,?,?)
]]></system-out>
  </testcase>
  <testcase name="findByCategorieIdCat" classname="com.khalil.sma.SMATests" time="0.007">
    <system-out><![CDATA[Hibernate: select g1_0.id_game,g1_0.date_found,g1_0.genre_id_leg,g1_0.image_id_image,g1_0.nom_game from game g1_0 where g1_0.genre_id_leg=?
]]></system-out>
  </testcase>
  <testcase name="testFindByNomGame" classname="com.khalil.sma.SMATests" time="0.007">
    <system-out><![CDATA[Hibernate: select g1_0.id_game,g1_0.date_found,g1_0.genre_id_leg,g1_0.image_id_image,g1_0.nom_game from game g1_0 where g1_0.nom_game=?
Game [idGame=9, nomGame=battlefield, =]
Game [idGame=10, nomGame=battlefield, =]
]]></system-out>
  </testcase>
  <testcase name="testfindByOrderByNomGameAsc" classname="com.khalil.sma.SMATests" time="0.025">
    <system-out><![CDATA[Hibernate: select g1_0.id_game,g1_0.date_found,g1_0.genre_id_leg,g1_0.image_id_image,g1_0.nom_game from game g1_0 order by g1_0.nom_game
Hibernate: select g1_0.id_leg,g1_0.nom_genre from genre g1_0 where g1_0.id_leg=?
Hibernate: select i1_0.id_image,g1_0.id_game,g1_0.date_found,g2_0.id_leg,g2_0.nom_genre,i2_0.id_image,i2_0.game_id_game,i2_0.image,i2_0.name,i2_0.type,g1_0.nom_game,i1_0.image,i1_0.name,i1_0.type from image i1_0 left join game g1_0 on g1_0.id_game=i1_0.game_id_game left join genre g2_0 on g2_0.id_leg=g1_0.genre_id_leg left join image i2_0 on i2_0.id_image=g1_0.image_id_image where i1_0.id_image=?
Hibernate: select g1_0.id_leg,g1_0.nom_genre from genre g1_0 where g1_0.id_leg=?
Hibernate: select i1_0.id_image,g1_0.id_game,g1_0.date_found,g2_0.id_leg,g2_0.nom_genre,i2_0.id_image,i2_0.game_id_game,i2_0.image,i2_0.name,i2_0.type,g1_0.nom_game,i1_0.image,i1_0.name,i1_0.type from image i1_0 left join game g1_0 on g1_0.id_game=i1_0.game_id_game left join genre g2_0 on g2_0.id_leg=g1_0.genre_id_leg left join image i2_0 on i2_0.id_image=g1_0.image_id_image where i1_0.id_image=?
Game [idGame=9, nomGame=battlefield, =]
Game [idGame=10, nomGame=battlefield, =]
Game [idGame=8, nomGame=FORTI morning, =]
Game [idGame=7, nomGame=FORTI NIGHTY, =]
]]></system-out>
  </testcase>
  <testcase name="contextLoads" classname="com.khalil.sma.SMATests" time="0.002"/>
</testsuite>